<?xml version="1.0" encoding="UTF-8"?>
<coverage generated="1702480472015" clover="3.2.0">
  <project timestamp="1702480472015" name="All files">
    <metrics statements="23" coveredstatements="23" conditionals="6" coveredconditionals="5" methods="5" coveredmethods="5" elements="34" coveredelements="33" complexity="0" loc="23" ncloc="23" packages="1" files="1" classes="1"/>
    <file name="js-challenges.js" path="/Users/mylesbillington/unitTesting-/js-challenges.js">
      <metrics statements="23" coveredstatements="23" conditionals="6" coveredconditionals="5" methods="5" coveredmethods="5"/>
      <line num="1" count="1" type="cond" truecount="1" falsecount="0"/>
      <line num="2" count="1" type="stmt"/>
      <line num="3" count="1" type="stmt"/>
      <line num="4" count="1" type="cond" truecount="1" falsecount="0"/>
      <line num="5" count="1" type="stmt"/>
      <line num="6" count="1" type="stmt"/>
      <line num="7" count="1" type="cond" truecount="1" falsecount="0"/>
      <line num="8" count="2" type="stmt"/>
      <line num="9" count="2" type="stmt"/>
      <line num="10" count="2" type="cond" truecount="0" falsecount="1"/>
      <line num="11" count="2" type="stmt"/>
      <line num="12" count="1" type="cond" truecount="1" falsecount="0"/>
      <line num="13" count="7" type="stmt"/>
      <line num="14" count="7" type="stmt"/>
      <line num="15" count="7" type="stmt"/>
      <line num="16" count="7" type="stmt"/>
      <line num="17" count="1" type="cond" truecount="1" falsecount="0"/>
      <line num="18" count="6" type="stmt"/>
      <line num="19" count="6" type="stmt"/>
      <line num="20" count="6" type="stmt"/>
      <line num="21" count="6" type="stmt"/>
      <line num="22" count="6" type="stmt"/>
      <line num="23" count="6" type="stmt"/>
    </file>
  </project>
</coverage>
