{"/Users/mylesbillington/unitTesting-/js-challenges.js": {"path":"/Users/mylesbillington/unitTesting-/js-challenges.js","all":false,"statementMap":{"0":{"start":{"line":1,"column":0},"end":{"line":1,"column":27}},"1":{"start":{"line":2,"column":0},"end":{"line":2,"column":17}},"2":{"start":{"line":3,"column":0},"end":{"line":3,"column":3}},"3":{"start":{"line":4,"column":0},"end":{"line":4,"column":33}},"4":{"start":{"line":5,"column":0},"end":{"line":5,"column":17}},"5":{"start":{"line":6,"column":0},"end":{"line":6,"column":3}},"6":{"start":{"line":7,"column":0},"end":{"line":7,"column":38}},"7":{"start":{"line":8,"column":0},"end":{"line":8,"column":37}},"8":{"start":{"line":9,"column":0},"end":{"line":9,"column":35}},"9":{"start":{"line":10,"column":0},"end":{"line":10,"column":40}},"10":{"start":{"line":11,"column":0},"end":{"line":11,"column":3}},"11":{"start":{"line":12,"column":0},"end":{"line":12,"column":36}},"12":{"start":{"line":13,"column":0},"end":{"line":13,"column":68}},"13":{"start":{"line":14,"column":0},"end":{"line":14,"column":62}},"14":{"start":{"line":15,"column":0},"end":{"line":15,"column":36}},"15":{"start":{"line":16,"column":0},"end":{"line":16,"column":3}},"16":{"start":{"line":17,"column":0},"end":{"line":17,"column":39}},"17":{"start":{"line":18,"column":0},"end":{"line":18,"column":67}},"18":{"start":{"line":19,"column":0},"end":{"line":19,"column":67}},"19":{"start":{"line":20,"column":0},"end":{"line":20,"column":59}},"20":{"start":{"line":21,"column":0},"end":{"line":21,"column":59}},"21":{"start":{"line":22,"column":0},"end":{"line":22,"column":37}},"22":{"start":{"line":23,"column":0},"end":{"line":23,"column":3}}},"s":{"0":1,"1":1,"2":1,"3":1,"4":1,"5":1,"6":1,"7":2,"8":2,"9":2,"10":2,"11":1,"12":7,"13":7,"14":7,"15":7,"16":1,"17":6,"18":6,"19":6,"20":6,"21":6,"22":6},"branchMap":{"0":{"type":"branch","line":1,"loc":{"start":{"line":1,"column":7},"end":{"line":3,"column":3}},"locations":[{"start":{"line":1,"column":7},"end":{"line":3,"column":3}}]},"1":{"type":"branch","line":4,"loc":{"start":{"line":4,"column":8},"end":{"line":6,"column":3}},"locations":[{"start":{"line":4,"column":8},"end":{"line":6,"column":3}}]},"2":{"type":"branch","line":7,"loc":{"start":{"line":7,"column":9},"end":{"line":11,"column":3}},"locations":[{"start":{"line":7,"column":9},"end":{"line":11,"column":3}}]},"3":{"type":"branch","line":10,"loc":{"start":{"line":10,"column":36},"end":{"line":10,"column":39}},"locations":[{"start":{"line":10,"column":36},"end":{"line":10,"column":39}}]},"4":{"type":"branch","line":12,"loc":{"start":{"line":12,"column":9},"end":{"line":16,"column":3}},"locations":[{"start":{"line":12,"column":9},"end":{"line":16,"column":3}}]},"5":{"type":"branch","line":17,"loc":{"start":{"line":17,"column":9},"end":{"line":23,"column":3}},"locations":[{"start":{"line":17,"column":9},"end":{"line":23,"column":3}}]}},"b":{"0":[1],"1":[1],"2":[2],"3":[0],"4":[7],"5":[6]},"fnMap":{"0":{"name":"sum","decl":{"start":{"line":1,"column":7},"end":{"line":3,"column":3}},"loc":{"start":{"line":1,"column":7},"end":{"line":3,"column":3}},"line":1},"1":{"name":"subtract","decl":{"start":{"line":4,"column":8},"end":{"line":6,"column":3}},"loc":{"start":{"line":4,"column":8},"end":{"line":6,"column":3}},"line":4},"2":{"name":"countLetters","decl":{"start":{"line":7,"column":9},"end":{"line":11,"column":3}},"loc":{"start":{"line":7,"column":9},"end":{"line":11,"column":3}},"line":7},"3":{"name":"isPalindrome","decl":{"start":{"line":12,"column":9},"end":{"line":16,"column":3}},"loc":{"start":{"line":12,"column":9},"end":{"line":16,"column":3}},"line":12},"4":{"name":"isAnagram","decl":{"start":{"line":17,"column":9},"end":{"line":23,"column":3}},"loc":{"start":{"line":17,"column":9},"end":{"line":23,"column":3}},"line":17}},"f":{"0":1,"1":1,"2":2,"3":7,"4":6}}
}
